<?xml version="1.0" encoding="UTF-8"?>
<robot generator="Robot 5.0.1 (Python 3.10.7 on win32)" generated="20240313 19:40:11.639" rpa="false" schemaversion="3">
<suite id="s1" name="Desafio1 Testes" source="C:\Users\admin\Desktop\QA - MATERIAIS\AlaneAlmeida_Desafio1Lekto\WebTesting\Desafio1\desafio1_testes.robot">
<test id="s1-t1" name="Caso de Teste 01 - Agendar uma apresentação - Educador" line="13">
<kw name="Open Browser" library="SeleniumLibrary" type="SETUP">
<doc>Opens a new browser instance to the optional ``url``.</doc>
<msg timestamp="20240313 19:40:12.393" level="INFO">Opening browser 'firefox' to base url 'None'.</msg>
<msg timestamp="20240313 19:40:12.394" level="INFO">Firefox driver log is always forced to to: C:\Users\admin\Desktop\QA - MATERIAIS\AlaneAlmeida_Desafio1Lekto\WebTesting\Desafio1\Results\geckodriver-1.log</msg>
<status status="PASS" starttime="20240313 19:40:12.393" endtime="20240313 19:40:18.280"/>
</kw>
<kw name="Acessar o home page do site https://www.lekto.com.br/" library="desafio1_resources">
<kw name="Maximize Browser Window" library="SeleniumLibrary">
<doc>Maximizes current browser window.</doc>
<status status="PASS" starttime="20240313 19:40:18.281" endtime="20240313 19:40:18.554"/>
</kw>
<kw name="Go To" library="SeleniumLibrary">
<arg>url=https://www.lekto.com.br/</arg>
<doc>Navigates the current browser window to the provided ``url``.</doc>
<msg timestamp="20240313 19:40:18.555" level="INFO">Opening url 'https://www.lekto.com.br/'</msg>
<status status="PASS" starttime="20240313 19:40:18.554" endtime="20240313 19:41:57.403"/>
</kw>
<status status="PASS" starttime="20240313 19:40:18.280" endtime="20240313 19:41:57.403"/>
</kw>
<kw name="Clicar no botão &quot;Agende uma Apresentação&quot;" library="desafio1_resources">
<kw name="Click Element" library="SeleniumLibrary">
<arg>${BtnAgendeUmaApresentacao1}</arg>
<doc>Click the element identified by ``locator``.</doc>
<msg timestamp="20240313 19:41:57.415" level="INFO">Clicking element '(//a[contains(.,'Agende uma Apresentação')])[1]'.</msg>
<status status="PASS" starttime="20240313 19:41:57.414" endtime="20240313 19:41:57.735"/>
</kw>
<status status="PASS" starttime="20240313 19:41:57.413" endtime="20240313 19:41:57.735"/>
</kw>
<kw name="Preencher o campo Nome" library="desafio1_resources">
<kw name="Sleep" library="BuiltIn">
<arg>2</arg>
<doc>Pauses the test executed for the given time.</doc>
<msg timestamp="20240313 19:41:59.751" level="INFO">Slept 2 seconds</msg>
<status status="PASS" starttime="20240313 19:41:57.736" endtime="20240313 19:41:59.751"/>
</kw>
<kw name="Name" library="FakerLibrary">
<var>${NomeAleatorio}</var>
<doc>:example: 'John Doe'</doc>
<msg timestamp="20240313 19:41:59.753" level="INFO">${NomeAleatorio} = Amanda Hebert</msg>
<status status="PASS" starttime="20240313 19:41:59.751" endtime="20240313 19:41:59.753"/>
</kw>
<kw name="Input Text" library="SeleniumLibrary">
<arg>${NomeApresentacao}</arg>
<arg>${NomeAleatorio}</arg>
<doc>Types the given ``text`` into the text field identified by ``locator``.</doc>
<msg timestamp="20240313 19:41:59.754" level="INFO">Typing text 'Amanda Hebert' into text field '//input[contains(@id,'167399-field')]'.</msg>
<status status="PASS" starttime="20240313 19:41:59.754" endtime="20240313 19:42:00.019"/>
</kw>
<status status="PASS" starttime="20240313 19:41:57.736" endtime="20240313 19:42:00.019"/>
</kw>
<kw name="Selecionar a opção" library="desafio1_resources">
<arg>EDUCADOR</arg>
<if>
<branch type="IF" condition="&quot;${Sou}&quot;==&quot;EDUCADOR&quot;">
<kw name="Log To Console" library="BuiltIn">
<arg>${Sou}</arg>
<doc>Logs the given message to the console.</doc>
<status status="PASS" starttime="20240313 19:42:00.031" endtime="20240313 19:42:00.049"/>
</kw>
<kw name="Execute Javascript" library="SeleniumLibrary">
<arg>document.getElementById('select-yui_3_17_2_1_1593033605278_168358-field').scrollIntoView(true)</arg>
<doc>Executes the given JavaScript code with possible arguments.</doc>
<msg timestamp="20240313 19:42:00.050" level="INFO">Executing JavaScript:
document.getElementById('select-yui_3_17_2_1_1593033605278_168358-field').scrollIntoView(true)
Without any arguments.</msg>
<status status="PASS" starttime="20240313 19:42:00.049" endtime="20240313 19:42:00.066"/>
</kw>
<kw name="Wait Until Element Is Visible" library="SeleniumLibrary">
<arg>xpath=//select[@id='select-yui_3_17_2_1_1593033605278_168358-field']</arg>
<doc>Waits until the element ``locator`` is visible.</doc>
<status status="PASS" starttime="20240313 19:42:00.066" endtime="20240313 19:42:00.133"/>
</kw>
<kw name="Click Element" library="SeleniumLibrary">
<arg>xpath=//select[@id='select-yui_3_17_2_1_1593033605278_168358-field']</arg>
<doc>Click the element identified by ``locator``.</doc>
<msg timestamp="20240313 19:42:00.134" level="INFO">Clicking element 'xpath=//select[@id='select-yui_3_17_2_1_1593033605278_168358-field']'.</msg>
<status status="PASS" starttime="20240313 19:42:00.133" endtime="20240313 19:42:00.466"/>
</kw>
<kw name="Wait Until Element Is Visible" library="SeleniumLibrary">
<arg>${EDUCADOR}</arg>
<doc>Waits until the element ``locator`` is visible.</doc>
<status status="PASS" starttime="20240313 19:42:00.467" endtime="20240313 19:42:00.526"/>
</kw>
<kw name="Click Element" library="SeleniumLibrary">
<arg>${EDUCADOR}</arg>
<doc>Click the element identified by ``locator``.</doc>
<msg timestamp="20240313 19:42:00.527" level="INFO">Clicking element '//select[contains(@id,'168358-field')][@aria-label='Sou']/descendant::option[@value='Educador(a)']'.</msg>
<status status="PASS" starttime="20240313 19:42:00.527" endtime="20240313 19:42:00.760"/>
</kw>
<status status="PASS" starttime="20240313 19:42:00.030" endtime="20240313 19:42:00.760"/>
</branch>
<branch type="ELSE IF" condition="&quot;${Sou}&quot; ==&quot;Diretor(a)/Coordenador(a) Escolar&quot;">
<kw name="Execute Javascript" library="SeleniumLibrary">
<arg>document.getElementById('select-yui_3_17_2_1_1593033605278_168358-field').scrollIntoView(true)</arg>
<doc>Executes the given JavaScript code with possible arguments.</doc>
<status status="NOT RUN" starttime="20240313 19:42:00.761" endtime="20240313 19:42:00.761"/>
</kw>
<kw name="Wait Until Element Is Visible" library="SeleniumLibrary">
<arg>xpath=//select[@id='select-yui_3_17_2_1_1593033605278_168358-field']</arg>
<doc>Waits until the element ``locator`` is visible.</doc>
<status status="NOT RUN" starttime="20240313 19:42:00.761" endtime="20240313 19:42:00.761"/>
</kw>
<kw name="Click Element" library="SeleniumLibrary">
<arg>xpath=//select[@id='select-yui_3_17_2_1_1593033605278_168358-field']</arg>
<doc>Click the element identified by ``locator``.</doc>
<status status="NOT RUN" starttime="20240313 19:42:00.761" endtime="20240313 19:42:00.761"/>
</kw>
<kw name="Wait Until Element Is Visible" library="SeleniumLibrary">
<arg>${DiretorCoordenadorEscolar}</arg>
<doc>Waits until the element ``locator`` is visible.</doc>
<status status="NOT RUN" starttime="20240313 19:42:00.761" endtime="20240313 19:42:00.761"/>
</kw>
<kw name="Click Element" library="SeleniumLibrary">
<arg>${DiretorCoordenadorEscolar}</arg>
<doc>Click the element identified by ``locator``.</doc>
<status status="NOT RUN" starttime="20240313 19:42:00.762" endtime="20240313 19:42:00.762"/>
</kw>
<status status="NOT RUN" starttime="20240313 19:42:00.760" endtime="20240313 19:42:00.762"/>
</branch>
<branch type="ELSE IF" condition="&quot;${Sou}&quot; ==&quot;Família&quot;">
<kw name="Execute Javascript" library="SeleniumLibrary">
<arg>document.getElementById('select-yui_3_17_2_1_1593033605278_168358-field').scrollIntoView(true)</arg>
<doc>Executes the given JavaScript code with possible arguments.</doc>
<status status="NOT RUN" starttime="20240313 19:42:00.762" endtime="20240313 19:42:00.762"/>
</kw>
<kw name="Wait Until Element Is Visible" library="SeleniumLibrary">
<arg>xpath=//select[@id='select-yui_3_17_2_1_1593033605278_168358-field']</arg>
<doc>Waits until the element ``locator`` is visible.</doc>
<status status="NOT RUN" starttime="20240313 19:42:00.762" endtime="20240313 19:42:00.762"/>
</kw>
<kw name="Click Element" library="SeleniumLibrary">
<arg>xpath=//select[@id='select-yui_3_17_2_1_1593033605278_168358-field']</arg>
<doc>Click the element identified by ``locator``.</doc>
<status status="NOT RUN" starttime="20240313 19:42:00.762" endtime="20240313 19:42:00.762"/>
</kw>
<kw name="Wait Until Element Is Visible" library="SeleniumLibrary">
<arg>${familia}</arg>
<doc>Waits until the element ``locator`` is visible.</doc>
<status status="NOT RUN" starttime="20240313 19:42:00.762" endtime="20240313 19:42:00.762"/>
</kw>
<kw name="Click Element" library="SeleniumLibrary">
<arg>${familia}</arg>
<doc>Click the element identified by ``locator``.</doc>
<status status="NOT RUN" starttime="20240313 19:42:00.762" endtime="20240313 19:42:00.762"/>
</kw>
<status status="NOT RUN" starttime="20240313 19:42:00.762" endtime="20240313 19:42:00.762"/>
</branch>
<branch type="ELSE IF" condition="&quot;${Sou}&quot; ==&quot;Dono de Academia ou Programa de Contraturno&quot;">
<kw name="Execute Javascript" library="SeleniumLibrary">
<arg>document.getElementById('select-yui_3_17_2_1_1593033605278_168358-field').scrollIntoView(true)</arg>
<doc>Executes the given JavaScript code with possible arguments.</doc>
<status status="NOT RUN" starttime="20240313 19:42:00.763" endtime="20240313 19:42:00.763"/>
</kw>
<kw name="Wait Until Element Is Visible" library="SeleniumLibrary">
<arg>xpath=//select[@id='select-yui_3_17_2_1_1593033605278_168358-field']</arg>
<doc>Waits until the element ``locator`` is visible.</doc>
<status status="NOT RUN" starttime="20240313 19:42:00.763" endtime="20240313 19:42:00.763"/>
</kw>
<kw name="Click Element" library="SeleniumLibrary">
<arg>xpath=//select[@id='select-yui_3_17_2_1_1593033605278_168358-field']</arg>
<doc>Click the element identified by ``locator``.</doc>
<status status="NOT RUN" starttime="20240313 19:42:00.763" endtime="20240313 19:42:00.763"/>
</kw>
<kw name="Wait Until Element Is Visible" library="SeleniumLibrary">
<arg>${DonoAcademiaOuProgramaContraturno}</arg>
<doc>Waits until the element ``locator`` is visible.</doc>
<status status="NOT RUN" starttime="20240313 19:42:00.763" endtime="20240313 19:42:00.763"/>
</kw>
<kw name="Click Element" library="SeleniumLibrary">
<arg>${DonoAcademiaOuProgramaContraturno}</arg>
<doc>Click the element identified by ``locator``.</doc>
<status status="NOT RUN" starttime="20240313 19:42:00.764" endtime="20240313 19:42:00.764"/>
</kw>
<status status="NOT RUN" starttime="20240313 19:42:00.762" endtime="20240313 19:42:00.764"/>
</branch>
<status status="PASS" starttime="20240313 19:42:00.030" endtime="20240313 19:42:00.764"/>
</if>
<status status="PASS" starttime="20240313 19:42:00.029" endtime="20240313 19:42:00.764"/>
</kw>
<kw name="Preencher o campo E-mail" library="desafio1_resources">
<kw name="Email" library="FakerLibrary">
<var>${EmailAleatorio}</var>
<msg timestamp="20240313 19:42:00.772" level="INFO">${EmailAleatorio} = umay@example.org</msg>
<status status="PASS" starttime="20240313 19:42:00.772" endtime="20240313 19:42:00.772"/>
</kw>
<kw name="Execute Javascript" library="SeleniumLibrary">
<arg>document.getElementById('email-yui_3_17_2_1_1593039425574_26430-field').scrollIntoView(true)</arg>
<doc>Executes the given JavaScript code with possible arguments.</doc>
<msg timestamp="20240313 19:42:00.774" level="INFO">Executing JavaScript:
document.getElementById('email-yui_3_17_2_1_1593039425574_26430-field').scrollIntoView(true)
Without any arguments.</msg>
<status status="PASS" starttime="20240313 19:42:00.773" endtime="20240313 19:42:00.793"/>
</kw>
<kw name="Wait Until Element Is Visible" library="SeleniumLibrary">
<arg>${CampoEmail}</arg>
<doc>Waits until the element ``locator`` is visible.</doc>
<status status="PASS" starttime="20240313 19:42:00.794" endtime="20240313 19:42:00.838"/>
</kw>
<kw name="Sleep" library="BuiltIn">
<arg>1</arg>
<doc>Pauses the test executed for the given time.</doc>
<msg timestamp="20240313 19:42:01.841" level="INFO">Slept 1 second</msg>
<status status="PASS" starttime="20240313 19:42:00.838" endtime="20240313 19:42:01.841"/>
</kw>
<kw name="Input Text" library="SeleniumLibrary">
<arg>${CampoEmail}</arg>
<arg>${EmailAleatorio}</arg>
<doc>Types the given ``text`` into the text field identified by ``locator``.</doc>
<msg timestamp="20240313 19:42:01.842" level="INFO">Typing text 'umay@example.org' into text field '//input[contains(@id,'26430-field')]'.</msg>
<status status="PASS" starttime="20240313 19:42:01.841" endtime="20240313 19:42:01.902"/>
</kw>
<status status="PASS" starttime="20240313 19:42:00.771" endtime="20240313 19:42:01.902"/>
</kw>
<kw name="Preencher o campo Telefone" library="desafio1_resources">
<kw name="Phone Number" library="FakerLibrary">
<var>${TelefoneAleatorio}</var>
<msg timestamp="20240313 19:42:01.904" level="INFO">${TelefoneAleatorio} = (779)516-0670x463</msg>
<status status="PASS" starttime="20240313 19:42:01.903" endtime="20240313 19:42:01.904"/>
</kw>
<kw name="Input Text" library="SeleniumLibrary">
<arg>${CampoTelefone}</arg>
<arg>${TelefoneAleatorio}</arg>
<doc>Types the given ``text`` into the text field identified by ``locator``.</doc>
<msg timestamp="20240313 19:42:01.905" level="INFO">Typing text '(779)516-0670x463' into text field '//input[@id='text-yui_3_17_2_1_1593039425574_26431-field']'.</msg>
<status status="PASS" starttime="20240313 19:42:01.904" endtime="20240313 19:42:01.980"/>
</kw>
<status status="PASS" starttime="20240313 19:42:01.903" endtime="20240313 19:42:01.981"/>
</kw>
<kw name="Preencher o campo Mensagem" library="desafio1_resources">
<kw name="Execute Javascript" library="SeleniumLibrary">
<arg>document.getElementById('textarea-yui_3_17_2_1_1593039425574_26432-field').scrollIntoView(true)</arg>
<doc>Executes the given JavaScript code with possible arguments.</doc>
<msg timestamp="20240313 19:42:01.986" level="INFO">Executing JavaScript:
document.getElementById('textarea-yui_3_17_2_1_1593039425574_26432-field').scrollIntoView(true)
Without any arguments.</msg>
<status status="PASS" starttime="20240313 19:42:01.985" endtime="20240313 19:42:01.995"/>
</kw>
<kw name="Sleep" library="BuiltIn">
<arg>3</arg>
<doc>Pauses the test executed for the given time.</doc>
<msg timestamp="20240313 19:42:04.999" level="INFO">Slept 3 seconds</msg>
<status status="PASS" starttime="20240313 19:42:01.995" endtime="20240313 19:42:04.999"/>
</kw>
<kw name="Input Text" library="SeleniumLibrary">
<arg>${CampoMensagem}</arg>
<arg>Olá LekTo! Gostaria de agendar uma apresentação.</arg>
<doc>Types the given ``text`` into the text field identified by ``locator``.</doc>
<msg timestamp="20240313 19:42:05.001" level="INFO">Typing text 'Olá LekTo! Gostaria de agendar uma apresentação.' into text field '//textarea[contains(@id,'26432-field')]'.</msg>
<status status="PASS" starttime="20240313 19:42:04.999" endtime="20240313 19:42:05.105"/>
</kw>
<status status="PASS" starttime="20240313 19:42:01.983" endtime="20240313 19:42:05.105"/>
</kw>
<kw name="Clicar no botão &quot;Quero a Lekto na minha escola&quot;" library="desafio1_resources">
<kw name="Execute Javascript" library="SeleniumLibrary">
<arg>document.getElementById('text-yui_3_17_2_1_1593033605278_167399-field').scrollIntoView(true)</arg>
<doc>Executes the given JavaScript code with possible arguments.</doc>
<msg timestamp="20240313 19:42:05.112" level="INFO">Executing JavaScript:
document.getElementById('text-yui_3_17_2_1_1593033605278_167399-field').scrollIntoView(true)
Without any arguments.</msg>
<status status="PASS" starttime="20240313 19:42:05.111" endtime="20240313 19:42:05.117"/>
</kw>
<kw name="Sleep" library="BuiltIn">
<arg>2</arg>
<doc>Pauses the test executed for the given time.</doc>
<msg timestamp="20240313 19:42:07.121" level="INFO">Slept 2 seconds</msg>
<status status="PASS" starttime="20240313 19:42:05.117" endtime="20240313 19:42:07.121"/>
</kw>
<kw name="Click Element" library="SeleniumLibrary">
<arg>${BtnSubmit}</arg>
<doc>Click the element identified by ``locator``.</doc>
<msg timestamp="20240313 19:42:07.123" level="INFO">Clicking element '//span[@class='form-submit-button-label'][contains(.,'Quero a Lekto na minha escola!')]'.</msg>
<status status="PASS" starttime="20240313 19:42:07.121" endtime="20240313 19:42:07.374"/>
</kw>
<kw name="Sleep" library="BuiltIn">
<arg>1</arg>
<doc>Pauses the test executed for the given time.</doc>
<msg timestamp="20240313 19:42:08.384" level="INFO">Slept 1 second</msg>
<status status="PASS" starttime="20240313 19:42:07.375" endtime="20240313 19:42:08.384"/>
</kw>
<kw name="Capture Page Screenshot" library="SeleniumLibrary">
<doc>Takes a screenshot of the current page and embeds it into a log file.</doc>
<msg timestamp="20240313 19:42:08.509" level="INFO" html="true">&lt;/td&gt;&lt;/tr&gt;&lt;tr&gt;&lt;td colspan="3"&gt;&lt;a href="selenium-screenshot-1.png"&gt;&lt;img src="selenium-screenshot-1.png" width="800px"&gt;&lt;/a&gt;</msg>
<status status="PASS" starttime="20240313 19:42:08.385" endtime="20240313 19:42:08.509"/>
</kw>
<status status="PASS" starttime="20240313 19:42:05.111" endtime="20240313 19:42:08.509"/>
</kw>
<kw name="Validar mensagem de agendamento" library="desafio1_resources">
<kw name="Execute Javascript" library="SeleniumLibrary">
<arg>window.scrollTo(0, 0)</arg>
<doc>Executes the given JavaScript code with possible arguments.</doc>
<msg timestamp="20240313 19:42:08.523" level="INFO">Executing JavaScript:
window.scrollTo(0, 0)
Without any arguments.</msg>
<status status="PASS" starttime="20240313 19:42:08.522" endtime="20240313 19:42:08.527"/>
</kw>
<kw name="Wait Until Element Is Visible" library="SeleniumLibrary">
<arg>${ValidarAgendamento}</arg>
<doc>Waits until the element ``locator`` is visible.</doc>
<status status="PASS" starttime="20240313 19:42:08.527" endtime="20240313 19:42:09.038"/>
</kw>
<kw name="Get Text" library="SeleniumLibrary">
<var>${message}</var>
<arg>${ValidarAgendamento}</arg>
<doc>Returns the text value of the element identified by ``locator``.</doc>
<msg timestamp="20240313 19:42:09.071" level="INFO">${message} = Muito obrigado! Em breve retornaremos seu contato.</msg>
<status status="PASS" starttime="20240313 19:42:09.038" endtime="20240313 19:42:09.071"/>
</kw>
<kw name="Should Contain" library="BuiltIn">
<arg>${message}</arg>
<arg>Muito obrigado! Em breve retornaremos seu contato.</arg>
<doc>Fails if ``container`` does not contain ``item`` one or more times.</doc>
<status status="PASS" starttime="20240313 19:42:09.072" endtime="20240313 19:42:09.073"/>
</kw>
<kw name="Sleep" library="BuiltIn">
<arg>1</arg>
<doc>Pauses the test executed for the given time.</doc>
<msg timestamp="20240313 19:42:10.079" level="INFO">Slept 1 second</msg>
<status status="PASS" starttime="20240313 19:42:09.073" endtime="20240313 19:42:10.079"/>
</kw>
<kw name="Capture Element Screenshot" library="SeleniumLibrary">
<arg>${ValidarAgendamento}</arg>
<doc>Captures a screenshot from the element identified by ``locator`` and embeds it into log file.</doc>
<msg timestamp="20240313 19:42:10.096" level="INFO" html="true">&lt;/td&gt;&lt;/tr&gt;&lt;tr&gt;&lt;td colspan="3"&gt;&lt;a href="selenium-element-screenshot-1.png"&gt;&lt;img src="selenium-element-screenshot-1.png" width="400px"&gt;&lt;/a&gt;</msg>
<status status="PASS" starttime="20240313 19:42:10.079" endtime="20240313 19:42:10.096"/>
</kw>
<status status="PASS" starttime="20240313 19:42:08.521" endtime="20240313 19:42:10.096"/>
</kw>
<kw name="Close Browser" library="SeleniumLibrary" type="TEARDOWN">
<doc>Closes the current browser.</doc>
<status status="PASS" starttime="20240313 19:42:10.101" endtime="20240313 19:42:12.106"/>
</kw>
<doc>Esse teste realiza o agendamento de uma apresentação.
Obs.:clicando no primeiro botão exibido "Agende uma Apresentação"</doc>
<status status="PASS" starttime="20240313 19:40:12.391" endtime="20240313 19:42:12.107"/>
</test>
<test id="s1-t2" name="Caso de Teste 02 - Agendar uma apresentação - Diretor(a)/Coordenador(a) Escolar" line="27">
<kw name="Open Browser" library="SeleniumLibrary" type="SETUP">
<doc>Opens a new browser instance to the optional ``url``.</doc>
<msg timestamp="20240313 19:42:12.110" level="INFO">Opening browser 'firefox' to base url 'None'.</msg>
<msg timestamp="20240313 19:42:12.111" level="INFO">Firefox driver log is always forced to to: C:\Users\admin\Desktop\QA - MATERIAIS\AlaneAlmeida_Desafio1Lekto\WebTesting\Desafio1\Results\geckodriver-2.log</msg>
<status status="PASS" starttime="20240313 19:42:12.109" endtime="20240313 19:42:17.989"/>
</kw>
<kw name="Acessar o home page do site https://www.lekto.com.br/" library="desafio1_resources">
<kw name="Maximize Browser Window" library="SeleniumLibrary">
<doc>Maximizes current browser window.</doc>
<status status="PASS" starttime="20240313 19:42:17.990" endtime="20240313 19:42:18.265"/>
</kw>
<kw name="Go To" library="SeleniumLibrary">
<arg>url=https://www.lekto.com.br/</arg>
<doc>Navigates the current browser window to the provided ``url``.</doc>
<msg timestamp="20240313 19:42:18.267" level="INFO">Opening url 'https://www.lekto.com.br/'</msg>
<status status="PASS" starttime="20240313 19:42:18.266" endtime="20240313 19:45:45.185"/>
</kw>
<status status="PASS" starttime="20240313 19:42:17.990" endtime="20240313 19:45:45.185"/>
</kw>
<kw name="Clicar no botão 2 &quot;Agende uma apresentação&quot;" library="desafio1_resources">
<kw name="Click Element" library="SeleniumLibrary">
<arg>${BtnAgendeUmaApresentacao2}</arg>
<doc>Click the element identified by ``locator``.</doc>
<msg timestamp="20240313 19:45:45.193" level="INFO">Clicking element '//a[@href='#contato'][contains(.,'Agende uma apresentação')]'.</msg>
<status status="PASS" starttime="20240313 19:45:45.192" endtime="20240313 19:45:45.493"/>
</kw>
<status status="PASS" starttime="20240313 19:45:45.191" endtime="20240313 19:45:45.493"/>
</kw>
<kw name="Preencher o campo Nome" library="desafio1_resources">
<kw name="Sleep" library="BuiltIn">
<arg>2</arg>
<doc>Pauses the test executed for the given time.</doc>
<msg timestamp="20240313 19:45:47.502" level="INFO">Slept 2 seconds</msg>
<status status="PASS" starttime="20240313 19:45:45.495" endtime="20240313 19:45:47.502"/>
</kw>
<kw name="Name" library="FakerLibrary">
<var>${NomeAleatorio}</var>
<doc>:example: 'John Doe'</doc>
<msg timestamp="20240313 19:45:47.503" level="INFO">${NomeAleatorio} = Zachary Cummings</msg>
<status status="PASS" starttime="20240313 19:45:47.502" endtime="20240313 19:45:47.503"/>
</kw>
<kw name="Input Text" library="SeleniumLibrary">
<arg>${NomeApresentacao}</arg>
<arg>${NomeAleatorio}</arg>
<doc>Types the given ``text`` into the text field identified by ``locator``.</doc>
<msg timestamp="20240313 19:45:47.505" level="INFO">Typing text 'Zachary Cummings' into text field '//input[contains(@id,'167399-field')]'.</msg>
<status status="PASS" starttime="20240313 19:45:47.504" endtime="20240313 19:45:47.687"/>
</kw>
<status status="PASS" starttime="20240313 19:45:45.494" endtime="20240313 19:45:47.687"/>
</kw>
<kw name="Selecionar a opção" library="desafio1_resources">
<arg>Diretor(a)/Coordenador(a) Escolar</arg>
<if>
<branch type="IF" condition="&quot;${Sou}&quot;==&quot;EDUCADOR&quot;">
<kw name="Log To Console" library="BuiltIn">
<arg>${Sou}</arg>
<doc>Logs the given message to the console.</doc>
<status status="NOT RUN" starttime="20240313 19:45:47.688" endtime="20240313 19:45:47.688"/>
</kw>
<kw name="Execute Javascript" library="SeleniumLibrary">
<arg>document.getElementById('select-yui_3_17_2_1_1593033605278_168358-field').scrollIntoView(true)</arg>
<doc>Executes the given JavaScript code with possible arguments.</doc>
<status status="NOT RUN" starttime="20240313 19:45:47.688" endtime="20240313 19:45:47.688"/>
</kw>
<kw name="Wait Until Element Is Visible" library="SeleniumLibrary">
<arg>xpath=//select[@id='select-yui_3_17_2_1_1593033605278_168358-field']</arg>
<doc>Waits until the element ``locator`` is visible.</doc>
<status status="NOT RUN" starttime="20240313 19:45:47.689" endtime="20240313 19:45:47.689"/>
</kw>
<kw name="Click Element" library="SeleniumLibrary">
<arg>xpath=//select[@id='select-yui_3_17_2_1_1593033605278_168358-field']</arg>
<doc>Click the element identified by ``locator``.</doc>
<status status="NOT RUN" starttime="20240313 19:45:47.689" endtime="20240313 19:45:47.689"/>
</kw>
<kw name="Wait Until Element Is Visible" library="SeleniumLibrary">
<arg>${EDUCADOR}</arg>
<doc>Waits until the element ``locator`` is visible.</doc>
<status status="NOT RUN" starttime="20240313 19:45:47.689" endtime="20240313 19:45:47.689"/>
</kw>
<kw name="Click Element" library="SeleniumLibrary">
<arg>${EDUCADOR}</arg>
<doc>Click the element identified by ``locator``.</doc>
<status status="NOT RUN" starttime="20240313 19:45:47.689" endtime="20240313 19:45:47.689"/>
</kw>
<status status="NOT RUN" starttime="20240313 19:45:47.688" endtime="20240313 19:45:47.689"/>
</branch>
<branch type="ELSE IF" condition="&quot;${Sou}&quot; ==&quot;Diretor(a)/Coordenador(a) Escolar&quot;">
<kw name="Execute Javascript" library="SeleniumLibrary">
<arg>document.getElementById('select-yui_3_17_2_1_1593033605278_168358-field').scrollIntoView(true)</arg>
<doc>Executes the given JavaScript code with possible arguments.</doc>
<msg timestamp="20240313 19:45:47.690" level="INFO">Executing JavaScript:
document.getElementById('select-yui_3_17_2_1_1593033605278_168358-field').scrollIntoView(true)
Without any arguments.</msg>
<status status="PASS" starttime="20240313 19:45:47.689" endtime="20240313 19:45:47.707"/>
</kw>
<kw name="Wait Until Element Is Visible" library="SeleniumLibrary">
<arg>xpath=//select[@id='select-yui_3_17_2_1_1593033605278_168358-field']</arg>
<doc>Waits until the element ``locator`` is visible.</doc>
<status status="PASS" starttime="20240313 19:45:47.708" endtime="20240313 19:45:47.767"/>
</kw>
<kw name="Click Element" library="SeleniumLibrary">
<arg>xpath=//select[@id='select-yui_3_17_2_1_1593033605278_168358-field']</arg>
<doc>Click the element identified by ``locator``.</doc>
<msg timestamp="20240313 19:45:47.768" level="INFO">Clicking element 'xpath=//select[@id='select-yui_3_17_2_1_1593033605278_168358-field']'.</msg>
<status status="PASS" starttime="20240313 19:45:47.768" endtime="20240313 19:45:48.050"/>
</kw>
<kw name="Wait Until Element Is Visible" library="SeleniumLibrary">
<arg>${DiretorCoordenadorEscolar}</arg>
<doc>Waits until the element ``locator`` is visible.</doc>
<status status="PASS" starttime="20240313 19:45:48.050" endtime="20240313 19:45:48.086"/>
</kw>
<kw name="Click Element" library="SeleniumLibrary">
<arg>${DiretorCoordenadorEscolar}</arg>
<doc>Click the element identified by ``locator``.</doc>
<msg timestamp="20240313 19:45:48.087" level="INFO">Clicking element '//select[contains(@id,'168358-field')][@aria-label='Sou']/descendant::option[@value='Diretor(a)/Coordenador(a) Escolar']'.</msg>
<status status="PASS" starttime="20240313 19:45:48.086" endtime="20240313 19:45:48.314"/>
</kw>
<status status="PASS" starttime="20240313 19:45:47.689" endtime="20240313 19:45:48.314"/>
</branch>
<branch type="ELSE IF" condition="&quot;${Sou}&quot; ==&quot;Família&quot;">
<kw name="Execute Javascript" library="SeleniumLibrary">
<arg>document.getElementById('select-yui_3_17_2_1_1593033605278_168358-field').scrollIntoView(true)</arg>
<doc>Executes the given JavaScript code with possible arguments.</doc>
<status status="NOT RUN" starttime="20240313 19:45:48.314" endtime="20240313 19:45:48.315"/>
</kw>
<kw name="Wait Until Element Is Visible" library="SeleniumLibrary">
<arg>xpath=//select[@id='select-yui_3_17_2_1_1593033605278_168358-field']</arg>
<doc>Waits until the element ``locator`` is visible.</doc>
<status status="NOT RUN" starttime="20240313 19:45:48.315" endtime="20240313 19:45:48.315"/>
</kw>
<kw name="Click Element" library="SeleniumLibrary">
<arg>xpath=//select[@id='select-yui_3_17_2_1_1593033605278_168358-field']</arg>
<doc>Click the element identified by ``locator``.</doc>
<status status="NOT RUN" starttime="20240313 19:45:48.315" endtime="20240313 19:45:48.315"/>
</kw>
<kw name="Wait Until Element Is Visible" library="SeleniumLibrary">
<arg>${familia}</arg>
<doc>Waits until the element ``locator`` is visible.</doc>
<status status="NOT RUN" starttime="20240313 19:45:48.315" endtime="20240313 19:45:48.315"/>
</kw>
<kw name="Click Element" library="SeleniumLibrary">
<arg>${familia}</arg>
<doc>Click the element identified by ``locator``.</doc>
<status status="NOT RUN" starttime="20240313 19:45:48.315" endtime="20240313 19:45:48.315"/>
</kw>
<status status="NOT RUN" starttime="20240313 19:45:48.314" endtime="20240313 19:45:48.315"/>
</branch>
<branch type="ELSE IF" condition="&quot;${Sou}&quot; ==&quot;Dono de Academia ou Programa de Contraturno&quot;">
<kw name="Execute Javascript" library="SeleniumLibrary">
<arg>document.getElementById('select-yui_3_17_2_1_1593033605278_168358-field').scrollIntoView(true)</arg>
<doc>Executes the given JavaScript code with possible arguments.</doc>
<status status="NOT RUN" starttime="20240313 19:45:48.316" endtime="20240313 19:45:48.316"/>
</kw>
<kw name="Wait Until Element Is Visible" library="SeleniumLibrary">
<arg>xpath=//select[@id='select-yui_3_17_2_1_1593033605278_168358-field']</arg>
<doc>Waits until the element ``locator`` is visible.</doc>
<status status="NOT RUN" starttime="20240313 19:45:48.316" endtime="20240313 19:45:48.316"/>
</kw>
<kw name="Click Element" library="SeleniumLibrary">
<arg>xpath=//select[@id='select-yui_3_17_2_1_1593033605278_168358-field']</arg>
<doc>Click the element identified by ``locator``.</doc>
<status status="NOT RUN" starttime="20240313 19:45:48.316" endtime="20240313 19:45:48.316"/>
</kw>
<kw name="Wait Until Element Is Visible" library="SeleniumLibrary">
<arg>${DonoAcademiaOuProgramaContraturno}</arg>
<doc>Waits until the element ``locator`` is visible.</doc>
<status status="NOT RUN" starttime="20240313 19:45:48.317" endtime="20240313 19:45:48.317"/>
</kw>
<kw name="Click Element" library="SeleniumLibrary">
<arg>${DonoAcademiaOuProgramaContraturno}</arg>
<doc>Click the element identified by ``locator``.</doc>
<status status="NOT RUN" starttime="20240313 19:45:48.317" endtime="20240313 19:45:48.317"/>
</kw>
<status status="NOT RUN" starttime="20240313 19:45:48.315" endtime="20240313 19:45:48.317"/>
</branch>
<status status="PASS" starttime="20240313 19:45:47.688" endtime="20240313 19:45:48.317"/>
</if>
<status status="PASS" starttime="20240313 19:45:47.688" endtime="20240313 19:45:48.317"/>
</kw>
<kw name="Preencher o campo E-mail" library="desafio1_resources">
<kw name="Email" library="FakerLibrary">
<var>${EmailAleatorio}</var>
<msg timestamp="20240313 19:45:48.320" level="INFO">${EmailAleatorio} = onealchristopher@example.net</msg>
<status status="PASS" starttime="20240313 19:45:48.319" endtime="20240313 19:45:48.320"/>
</kw>
<kw name="Execute Javascript" library="SeleniumLibrary">
<arg>document.getElementById('email-yui_3_17_2_1_1593039425574_26430-field').scrollIntoView(true)</arg>
<doc>Executes the given JavaScript code with possible arguments.</doc>
<msg timestamp="20240313 19:45:48.321" level="INFO">Executing JavaScript:
document.getElementById('email-yui_3_17_2_1_1593039425574_26430-field').scrollIntoView(true)
Without any arguments.</msg>
<status status="PASS" starttime="20240313 19:45:48.320" endtime="20240313 19:45:48.324"/>
</kw>
<kw name="Wait Until Element Is Visible" library="SeleniumLibrary">
<arg>${CampoEmail}</arg>
<doc>Waits until the element ``locator`` is visible.</doc>
<status status="PASS" starttime="20240313 19:45:48.324" endtime="20240313 19:45:48.356"/>
</kw>
<kw name="Sleep" library="BuiltIn">
<arg>1</arg>
<doc>Pauses the test executed for the given time.</doc>
<msg timestamp="20240313 19:45:49.373" level="INFO">Slept 1 second</msg>
<status status="PASS" starttime="20240313 19:45:48.357" endtime="20240313 19:45:49.373"/>
</kw>
<kw name="Input Text" library="SeleniumLibrary">
<arg>${CampoEmail}</arg>
<arg>${EmailAleatorio}</arg>
<doc>Types the given ``text`` into the text field identified by ``locator``.</doc>
<msg timestamp="20240313 19:45:49.374" level="INFO">Typing text 'onealchristopher@example.net' into text field '//input[contains(@id,'26430-field')]'.</msg>
<status status="PASS" starttime="20240313 19:45:49.373" endtime="20240313 19:45:49.466"/>
</kw>
<status status="PASS" starttime="20240313 19:45:48.319" endtime="20240313 19:45:49.467"/>
</kw>
<kw name="Preencher o campo Telefone" library="desafio1_resources">
<kw name="Phone Number" library="FakerLibrary">
<var>${TelefoneAleatorio}</var>
<msg timestamp="20240313 19:45:49.468" level="INFO">${TelefoneAleatorio} = 8889507022</msg>
<status status="PASS" starttime="20240313 19:45:49.468" endtime="20240313 19:45:49.468"/>
</kw>
<kw name="Input Text" library="SeleniumLibrary">
<arg>${CampoTelefone}</arg>
<arg>${TelefoneAleatorio}</arg>
<doc>Types the given ``text`` into the text field identified by ``locator``.</doc>
<msg timestamp="20240313 19:45:49.469" level="INFO">Typing text '8889507022' into text field '//input[@id='text-yui_3_17_2_1_1593039425574_26431-field']'.</msg>
<status status="PASS" starttime="20240313 19:45:49.469" endtime="20240313 19:45:49.527"/>
</kw>
<status status="PASS" starttime="20240313 19:45:49.467" endtime="20240313 19:45:49.528"/>
</kw>
<kw name="Preencher o campo Mensagem" library="desafio1_resources">
<kw name="Execute Javascript" library="SeleniumLibrary">
<arg>document.getElementById('textarea-yui_3_17_2_1_1593039425574_26432-field').scrollIntoView(true)</arg>
<doc>Executes the given JavaScript code with possible arguments.</doc>
<msg timestamp="20240313 19:45:49.535" level="INFO">Executing JavaScript:
document.getElementById('textarea-yui_3_17_2_1_1593039425574_26432-field').scrollIntoView(true)
Without any arguments.</msg>
<status status="PASS" starttime="20240313 19:45:49.535" endtime="20240313 19:45:49.544"/>
</kw>
<kw name="Sleep" library="BuiltIn">
<arg>3</arg>
<doc>Pauses the test executed for the given time.</doc>
<msg timestamp="20240313 19:45:52.552" level="INFO">Slept 3 seconds</msg>
<status status="PASS" starttime="20240313 19:45:49.544" endtime="20240313 19:45:52.552"/>
</kw>
<kw name="Input Text" library="SeleniumLibrary">
<arg>${CampoMensagem}</arg>
<arg>Olá LekTo! Gostaria de agendar uma apresentação.</arg>
<doc>Types the given ``text`` into the text field identified by ``locator``.</doc>
<msg timestamp="20240313 19:45:52.553" level="INFO">Typing text 'Olá LekTo! Gostaria de agendar uma apresentação.' into text field '//textarea[contains(@id,'26432-field')]'.</msg>
<status status="PASS" starttime="20240313 19:45:52.552" endtime="20240313 19:45:52.635"/>
</kw>
<status status="PASS" starttime="20240313 19:45:49.534" endtime="20240313 19:45:52.635"/>
</kw>
<kw name="Clicar no botão &quot;Quero a Lekto na minha escola&quot;" library="desafio1_resources">
<kw name="Execute Javascript" library="SeleniumLibrary">
<arg>document.getElementById('text-yui_3_17_2_1_1593033605278_167399-field').scrollIntoView(true)</arg>
<doc>Executes the given JavaScript code with possible arguments.</doc>
<msg timestamp="20240313 19:45:52.638" level="INFO">Executing JavaScript:
document.getElementById('text-yui_3_17_2_1_1593033605278_167399-field').scrollIntoView(true)
Without any arguments.</msg>
<status status="PASS" starttime="20240313 19:45:52.637" endtime="20240313 19:45:52.642"/>
</kw>
<kw name="Sleep" library="BuiltIn">
<arg>2</arg>
<doc>Pauses the test executed for the given time.</doc>
<msg timestamp="20240313 19:45:54.657" level="INFO">Slept 2 seconds</msg>
<status status="PASS" starttime="20240313 19:45:52.643" endtime="20240313 19:45:54.657"/>
</kw>
<kw name="Click Element" library="SeleniumLibrary">
<arg>${BtnSubmit}</arg>
<doc>Click the element identified by ``locator``.</doc>
<msg timestamp="20240313 19:45:54.657" level="INFO">Clicking element '//span[@class='form-submit-button-label'][contains(.,'Quero a Lekto na minha escola!')]'.</msg>
<status status="PASS" starttime="20240313 19:45:54.657" endtime="20240313 19:45:54.895"/>
</kw>
<kw name="Sleep" library="BuiltIn">
<arg>1</arg>
<doc>Pauses the test executed for the given time.</doc>
<msg timestamp="20240313 19:45:55.910" level="INFO">Slept 1 second</msg>
<status status="PASS" starttime="20240313 19:45:54.895" endtime="20240313 19:45:55.910"/>
</kw>
<kw name="Capture Page Screenshot" library="SeleniumLibrary">
<doc>Takes a screenshot of the current page and embeds it into a log file.</doc>
<msg timestamp="20240313 19:45:55.992" level="INFO" html="true">&lt;/td&gt;&lt;/tr&gt;&lt;tr&gt;&lt;td colspan="3"&gt;&lt;a href="selenium-screenshot-2.png"&gt;&lt;img src="selenium-screenshot-2.png" width="800px"&gt;&lt;/a&gt;</msg>
<status status="PASS" starttime="20240313 19:45:55.910" endtime="20240313 19:45:55.992"/>
</kw>
<status status="PASS" starttime="20240313 19:45:52.636" endtime="20240313 19:45:55.993"/>
</kw>
<kw name="Validar mensagem de agendamento" library="desafio1_resources">
<kw name="Execute Javascript" library="SeleniumLibrary">
<arg>window.scrollTo(0, 0)</arg>
<doc>Executes the given JavaScript code with possible arguments.</doc>
<msg timestamp="20240313 19:45:55.996" level="INFO">Executing JavaScript:
window.scrollTo(0, 0)
Without any arguments.</msg>
<status status="PASS" starttime="20240313 19:45:55.995" endtime="20240313 19:45:56.003"/>
</kw>
<kw name="Wait Until Element Is Visible" library="SeleniumLibrary">
<arg>${ValidarAgendamento}</arg>
<doc>Waits until the element ``locator`` is visible.</doc>
<status status="PASS" starttime="20240313 19:45:56.003" endtime="20240313 19:45:56.729"/>
</kw>
<kw name="Get Text" library="SeleniumLibrary">
<var>${message}</var>
<arg>${ValidarAgendamento}</arg>
<doc>Returns the text value of the element identified by ``locator``.</doc>
<msg timestamp="20240313 19:45:56.766" level="INFO">${message} = Muito obrigado! Em breve retornaremos seu contato.</msg>
<status status="PASS" starttime="20240313 19:45:56.729" endtime="20240313 19:45:56.766"/>
</kw>
<kw name="Should Contain" library="BuiltIn">
<arg>${message}</arg>
<arg>Muito obrigado! Em breve retornaremos seu contato.</arg>
<doc>Fails if ``container`` does not contain ``item`` one or more times.</doc>
<status status="PASS" starttime="20240313 19:45:56.766" endtime="20240313 19:45:56.767"/>
</kw>
<kw name="Sleep" library="BuiltIn">
<arg>1</arg>
<doc>Pauses the test executed for the given time.</doc>
<msg timestamp="20240313 19:45:57.781" level="INFO">Slept 1 second</msg>
<status status="PASS" starttime="20240313 19:45:56.767" endtime="20240313 19:45:57.781"/>
</kw>
<kw name="Capture Element Screenshot" library="SeleniumLibrary">
<arg>${ValidarAgendamento}</arg>
<doc>Captures a screenshot from the element identified by ``locator`` and embeds it into log file.</doc>
<msg timestamp="20240313 19:45:58.661" level="INFO" html="true">&lt;/td&gt;&lt;/tr&gt;&lt;tr&gt;&lt;td colspan="3"&gt;&lt;a href="selenium-element-screenshot-2.png"&gt;&lt;img src="selenium-element-screenshot-2.png" width="400px"&gt;&lt;/a&gt;</msg>
<status status="PASS" starttime="20240313 19:45:57.781" endtime="20240313 19:45:58.661"/>
</kw>
<status status="PASS" starttime="20240313 19:45:55.995" endtime="20240313 19:45:58.661"/>
</kw>
<kw name="Close Browser" library="SeleniumLibrary" type="TEARDOWN">
<doc>Closes the current browser.</doc>
<status status="PASS" starttime="20240313 19:45:58.670" endtime="20240313 19:45:59.535"/>
</kw>
<doc>Esse teste realiza o agendamento de uma apresentação.
Obs.:clicando no segundo botão exibido "Agende uma Apresentação"</doc>
<status status="PASS" starttime="20240313 19:42:12.108" endtime="20240313 19:45:59.535"/>
</test>
<test id="s1-t3" name="Caso de Teste 03 - Agendar uma apresentação - Família" line="43">
<kw name="Open Browser" library="SeleniumLibrary" type="SETUP">
<doc>Opens a new browser instance to the optional ``url``.</doc>
<msg timestamp="20240313 19:45:59.538" level="INFO">Opening browser 'firefox' to base url 'None'.</msg>
<msg timestamp="20240313 19:45:59.538" level="INFO">Firefox driver log is always forced to to: C:\Users\admin\Desktop\QA - MATERIAIS\AlaneAlmeida_Desafio1Lekto\WebTesting\Desafio1\Results\geckodriver-3.log</msg>
<status status="PASS" starttime="20240313 19:45:59.537" endtime="20240313 19:46:06.840"/>
</kw>
<kw name="Acessar o home page do site https://www.lekto.com.br/" library="desafio1_resources">
<kw name="Maximize Browser Window" library="SeleniumLibrary">
<doc>Maximizes current browser window.</doc>
<status status="PASS" starttime="20240313 19:46:06.842" endtime="20240313 19:46:07.119"/>
</kw>
<kw name="Go To" library="SeleniumLibrary">
<arg>url=https://www.lekto.com.br/</arg>
<doc>Navigates the current browser window to the provided ``url``.</doc>
<msg timestamp="20240313 19:46:07.119" level="INFO">Opening url 'https://www.lekto.com.br/'</msg>
<status status="PASS" starttime="20240313 19:46:07.119" endtime="20240313 19:49:35.306"/>
</kw>
<status status="PASS" starttime="20240313 19:46:06.841" endtime="20240313 19:49:35.306"/>
</kw>
<kw name="Descer a barra de rolagem até o fim da pagina" library="desafio1_resources">
<kw name="Execute Javascript" library="SeleniumLibrary">
<arg>window.scrollTo(0, document.body.scrollHeight)</arg>
<doc>Executes the given JavaScript code with possible arguments.</doc>
<msg timestamp="20240313 19:49:35.309" level="INFO">Executing JavaScript:
window.scrollTo(0, document.body.scrollHeight)
Without any arguments.</msg>
<status status="PASS" starttime="20240313 19:49:35.309" endtime="20240313 19:49:35.353"/>
</kw>
<status status="PASS" starttime="20240313 19:49:35.308" endtime="20240313 19:49:35.353"/>
</kw>
<kw name="Preencher o campo Nome" library="desafio1_resources">
<kw name="Sleep" library="BuiltIn">
<arg>2</arg>
<doc>Pauses the test executed for the given time.</doc>
<msg timestamp="20240313 19:49:37.371" level="INFO">Slept 2 seconds</msg>
<status status="PASS" starttime="20240313 19:49:35.359" endtime="20240313 19:49:37.372"/>
</kw>
<kw name="Name" library="FakerLibrary">
<var>${NomeAleatorio}</var>
<doc>:example: 'John Doe'</doc>
<msg timestamp="20240313 19:49:37.375" level="INFO">${NomeAleatorio} = Anna Lawrence</msg>
<status status="PASS" starttime="20240313 19:49:37.372" endtime="20240313 19:49:37.376"/>
</kw>
<kw name="Input Text" library="SeleniumLibrary">
<arg>${NomeApresentacao}</arg>
<arg>${NomeAleatorio}</arg>
<doc>Types the given ``text`` into the text field identified by ``locator``.</doc>
<msg timestamp="20240313 19:49:37.379" level="INFO">Typing text 'Anna Lawrence' into text field '//input[contains(@id,'167399-field')]'.</msg>
<status status="PASS" starttime="20240313 19:49:37.377" endtime="20240313 19:49:37.538"/>
</kw>
<status status="PASS" starttime="20240313 19:49:35.358" endtime="20240313 19:49:37.538"/>
</kw>
<kw name="Selecionar a opção" library="desafio1_resources">
<arg>Família</arg>
<if>
<branch type="IF" condition="&quot;${Sou}&quot;==&quot;EDUCADOR&quot;">
<kw name="Log To Console" library="BuiltIn">
<arg>${Sou}</arg>
<doc>Logs the given message to the console.</doc>
<status status="NOT RUN" starttime="20240313 19:49:37.540" endtime="20240313 19:49:37.540"/>
</kw>
<kw name="Execute Javascript" library="SeleniumLibrary">
<arg>document.getElementById('select-yui_3_17_2_1_1593033605278_168358-field').scrollIntoView(true)</arg>
<doc>Executes the given JavaScript code with possible arguments.</doc>
<status status="NOT RUN" starttime="20240313 19:49:37.540" endtime="20240313 19:49:37.541"/>
</kw>
<kw name="Wait Until Element Is Visible" library="SeleniumLibrary">
<arg>xpath=//select[@id='select-yui_3_17_2_1_1593033605278_168358-field']</arg>
<doc>Waits until the element ``locator`` is visible.</doc>
<status status="NOT RUN" starttime="20240313 19:49:37.541" endtime="20240313 19:49:37.541"/>
</kw>
<kw name="Click Element" library="SeleniumLibrary">
<arg>xpath=//select[@id='select-yui_3_17_2_1_1593033605278_168358-field']</arg>
<doc>Click the element identified by ``locator``.</doc>
<status status="NOT RUN" starttime="20240313 19:49:37.541" endtime="20240313 19:49:37.541"/>
</kw>
<kw name="Wait Until Element Is Visible" library="SeleniumLibrary">
<arg>${EDUCADOR}</arg>
<doc>Waits until the element ``locator`` is visible.</doc>
<status status="NOT RUN" starttime="20240313 19:49:37.541" endtime="20240313 19:49:37.541"/>
</kw>
<kw name="Click Element" library="SeleniumLibrary">
<arg>${EDUCADOR}</arg>
<doc>Click the element identified by ``locator``.</doc>
<status status="NOT RUN" starttime="20240313 19:49:37.541" endtime="20240313 19:49:37.541"/>
</kw>
<status status="NOT RUN" starttime="20240313 19:49:37.540" endtime="20240313 19:49:37.541"/>
</branch>
<branch type="ELSE IF" condition="&quot;${Sou}&quot; ==&quot;Diretor(a)/Coordenador(a) Escolar&quot;">
<kw name="Execute Javascript" library="SeleniumLibrary">
<arg>document.getElementById('select-yui_3_17_2_1_1593033605278_168358-field').scrollIntoView(true)</arg>
<doc>Executes the given JavaScript code with possible arguments.</doc>
<status status="NOT RUN" starttime="20240313 19:49:37.542" endtime="20240313 19:49:37.542"/>
</kw>
<kw name="Wait Until Element Is Visible" library="SeleniumLibrary">
<arg>xpath=//select[@id='select-yui_3_17_2_1_1593033605278_168358-field']</arg>
<doc>Waits until the element ``locator`` is visible.</doc>
<status status="NOT RUN" starttime="20240313 19:49:37.542" endtime="20240313 19:49:37.542"/>
</kw>
<kw name="Click Element" library="SeleniumLibrary">
<arg>xpath=//select[@id='select-yui_3_17_2_1_1593033605278_168358-field']</arg>
<doc>Click the element identified by ``locator``.</doc>
<status status="NOT RUN" starttime="20240313 19:49:37.542" endtime="20240313 19:49:37.542"/>
</kw>
<kw name="Wait Until Element Is Visible" library="SeleniumLibrary">
<arg>${DiretorCoordenadorEscolar}</arg>
<doc>Waits until the element ``locator`` is visible.</doc>
<status status="NOT RUN" starttime="20240313 19:49:37.542" endtime="20240313 19:49:37.542"/>
</kw>
<kw name="Click Element" library="SeleniumLibrary">
<arg>${DiretorCoordenadorEscolar}</arg>
<doc>Click the element identified by ``locator``.</doc>
<status status="NOT RUN" starttime="20240313 19:49:37.542" endtime="20240313 19:49:37.542"/>
</kw>
<status status="NOT RUN" starttime="20240313 19:49:37.542" endtime="20240313 19:49:37.542"/>
</branch>
<branch type="ELSE IF" condition="&quot;${Sou}&quot; ==&quot;Família&quot;">
<kw name="Execute Javascript" library="SeleniumLibrary">
<arg>document.getElementById('select-yui_3_17_2_1_1593033605278_168358-field').scrollIntoView(true)</arg>
<doc>Executes the given JavaScript code with possible arguments.</doc>
<msg timestamp="20240313 19:49:37.543" level="INFO">Executing JavaScript:
document.getElementById('select-yui_3_17_2_1_1593033605278_168358-field').scrollIntoView(true)
Without any arguments.</msg>
<status status="PASS" starttime="20240313 19:49:37.543" endtime="20240313 19:49:37.547"/>
</kw>
<kw name="Wait Until Element Is Visible" library="SeleniumLibrary">
<arg>xpath=//select[@id='select-yui_3_17_2_1_1593033605278_168358-field']</arg>
<doc>Waits until the element ``locator`` is visible.</doc>
<status status="PASS" starttime="20240313 19:49:37.548" endtime="20240313 19:49:37.578"/>
</kw>
<kw name="Click Element" library="SeleniumLibrary">
<arg>xpath=//select[@id='select-yui_3_17_2_1_1593033605278_168358-field']</arg>
<doc>Click the element identified by ``locator``.</doc>
<msg timestamp="20240313 19:49:37.579" level="INFO">Clicking element 'xpath=//select[@id='select-yui_3_17_2_1_1593033605278_168358-field']'.</msg>
<status status="PASS" starttime="20240313 19:49:37.578" endtime="20240313 19:49:37.861"/>
</kw>
<kw name="Wait Until Element Is Visible" library="SeleniumLibrary">
<arg>${familia}</arg>
<doc>Waits until the element ``locator`` is visible.</doc>
<status status="PASS" starttime="20240313 19:49:37.861" endtime="20240313 19:49:37.905"/>
</kw>
<kw name="Click Element" library="SeleniumLibrary">
<arg>${familia}</arg>
<doc>Click the element identified by ``locator``.</doc>
<msg timestamp="20240313 19:49:37.906" level="INFO">Clicking element '//select[contains(@id,'168358-field')][@aria-label='Sou']/descendant::option[@value='Família']'.</msg>
<status status="PASS" starttime="20240313 19:49:37.905" endtime="20240313 19:49:38.140"/>
</kw>
<status status="PASS" starttime="20240313 19:49:37.543" endtime="20240313 19:49:38.140"/>
</branch>
<branch type="ELSE IF" condition="&quot;${Sou}&quot; ==&quot;Dono de Academia ou Programa de Contraturno&quot;">
<kw name="Execute Javascript" library="SeleniumLibrary">
<arg>document.getElementById('select-yui_3_17_2_1_1593033605278_168358-field').scrollIntoView(true)</arg>
<doc>Executes the given JavaScript code with possible arguments.</doc>
<status status="NOT RUN" starttime="20240313 19:49:38.140" endtime="20240313 19:49:38.140"/>
</kw>
<kw name="Wait Until Element Is Visible" library="SeleniumLibrary">
<arg>xpath=//select[@id='select-yui_3_17_2_1_1593033605278_168358-field']</arg>
<doc>Waits until the element ``locator`` is visible.</doc>
<status status="NOT RUN" starttime="20240313 19:49:38.140" endtime="20240313 19:49:38.140"/>
</kw>
<kw name="Click Element" library="SeleniumLibrary">
<arg>xpath=//select[@id='select-yui_3_17_2_1_1593033605278_168358-field']</arg>
<doc>Click the element identified by ``locator``.</doc>
<status status="NOT RUN" starttime="20240313 19:49:38.141" endtime="20240313 19:49:38.141"/>
</kw>
<kw name="Wait Until Element Is Visible" library="SeleniumLibrary">
<arg>${DonoAcademiaOuProgramaContraturno}</arg>
<doc>Waits until the element ``locator`` is visible.</doc>
<status status="NOT RUN" starttime="20240313 19:49:38.141" endtime="20240313 19:49:38.141"/>
</kw>
<kw name="Click Element" library="SeleniumLibrary">
<arg>${DonoAcademiaOuProgramaContraturno}</arg>
<doc>Click the element identified by ``locator``.</doc>
<status status="NOT RUN" starttime="20240313 19:49:38.141" endtime="20240313 19:49:38.141"/>
</kw>
<status status="NOT RUN" starttime="20240313 19:49:38.140" endtime="20240313 19:49:38.141"/>
</branch>
<status status="PASS" starttime="20240313 19:49:37.540" endtime="20240313 19:49:38.141"/>
</if>
<status status="PASS" starttime="20240313 19:49:37.539" endtime="20240313 19:49:38.141"/>
</kw>
<kw name="Preencher o campo E-mail" library="desafio1_resources">
<kw name="Email" library="FakerLibrary">
<var>${EmailAleatorio}</var>
<msg timestamp="20240313 19:49:38.142" level="INFO">${EmailAleatorio} = kristina53@example.net</msg>
<status status="PASS" starttime="20240313 19:49:38.142" endtime="20240313 19:49:38.142"/>
</kw>
<kw name="Execute Javascript" library="SeleniumLibrary">
<arg>document.getElementById('email-yui_3_17_2_1_1593039425574_26430-field').scrollIntoView(true)</arg>
<doc>Executes the given JavaScript code with possible arguments.</doc>
<msg timestamp="20240313 19:49:38.143" level="INFO">Executing JavaScript:
document.getElementById('email-yui_3_17_2_1_1593039425574_26430-field').scrollIntoView(true)
Without any arguments.</msg>
<status status="PASS" starttime="20240313 19:49:38.142" endtime="20240313 19:49:38.147"/>
</kw>
<kw name="Wait Until Element Is Visible" library="SeleniumLibrary">
<arg>${CampoEmail}</arg>
<doc>Waits until the element ``locator`` is visible.</doc>
<status status="PASS" starttime="20240313 19:49:38.147" endtime="20240313 19:49:38.182"/>
</kw>
<kw name="Sleep" library="BuiltIn">
<arg>1</arg>
<doc>Pauses the test executed for the given time.</doc>
<msg timestamp="20240313 19:49:39.185" level="INFO">Slept 1 second</msg>
<status status="PASS" starttime="20240313 19:49:38.182" endtime="20240313 19:49:39.185"/>
</kw>
<kw name="Input Text" library="SeleniumLibrary">
<arg>${CampoEmail}</arg>
<arg>${EmailAleatorio}</arg>
<doc>Types the given ``text`` into the text field identified by ``locator``.</doc>
<msg timestamp="20240313 19:49:39.187" level="INFO">Typing text 'kristina53@example.net' into text field '//input[contains(@id,'26430-field')]'.</msg>
<status status="PASS" starttime="20240313 19:49:39.185" endtime="20240313 19:49:39.246"/>
</kw>
<status status="PASS" starttime="20240313 19:49:38.142" endtime="20240313 19:49:39.246"/>
</kw>
<kw name="Preencher o campo Telefone" library="desafio1_resources">
<kw name="Phone Number" library="FakerLibrary">
<var>${TelefoneAleatorio}</var>
<msg timestamp="20240313 19:49:39.249" level="INFO">${TelefoneAleatorio} = 631.550.9063x31264</msg>
<status status="PASS" starttime="20240313 19:49:39.249" endtime="20240313 19:49:39.250"/>
</kw>
<kw name="Input Text" library="SeleniumLibrary">
<arg>${CampoTelefone}</arg>
<arg>${TelefoneAleatorio}</arg>
<doc>Types the given ``text`` into the text field identified by ``locator``.</doc>
<msg timestamp="20240313 19:49:39.251" level="INFO">Typing text '631.550.9063x31264' into text field '//input[@id='text-yui_3_17_2_1_1593039425574_26431-field']'.</msg>
<status status="PASS" starttime="20240313 19:49:39.250" endtime="20240313 19:49:39.311"/>
</kw>
<status status="PASS" starttime="20240313 19:49:39.247" endtime="20240313 19:49:39.311"/>
</kw>
<kw name="Preencher o campo Mensagem" library="desafio1_resources">
<kw name="Execute Javascript" library="SeleniumLibrary">
<arg>document.getElementById('textarea-yui_3_17_2_1_1593039425574_26432-field').scrollIntoView(true)</arg>
<doc>Executes the given JavaScript code with possible arguments.</doc>
<msg timestamp="20240313 19:49:39.312" level="INFO">Executing JavaScript:
document.getElementById('textarea-yui_3_17_2_1_1593039425574_26432-field').scrollIntoView(true)
Without any arguments.</msg>
<status status="PASS" starttime="20240313 19:49:39.312" endtime="20240313 19:49:39.324"/>
</kw>
<kw name="Sleep" library="BuiltIn">
<arg>3</arg>
<doc>Pauses the test executed for the given time.</doc>
<msg timestamp="20240313 19:49:42.337" level="INFO">Slept 3 seconds</msg>
<status status="PASS" starttime="20240313 19:49:39.324" endtime="20240313 19:49:42.337"/>
</kw>
<kw name="Input Text" library="SeleniumLibrary">
<arg>${CampoMensagem}</arg>
<arg>Olá LekTo! Gostaria de agendar uma apresentação.</arg>
<doc>Types the given ``text`` into the text field identified by ``locator``.</doc>
<msg timestamp="20240313 19:49:42.339" level="INFO">Typing text 'Olá LekTo! Gostaria de agendar uma apresentação.' into text field '//textarea[contains(@id,'26432-field')]'.</msg>
<status status="PASS" starttime="20240313 19:49:42.338" endtime="20240313 19:49:42.435"/>
</kw>
<status status="PASS" starttime="20240313 19:49:39.311" endtime="20240313 19:49:42.435"/>
</kw>
<kw name="Clicar no botão &quot;Quero a Lekto na minha escola&quot;" library="desafio1_resources">
<kw name="Execute Javascript" library="SeleniumLibrary">
<arg>document.getElementById('text-yui_3_17_2_1_1593033605278_167399-field').scrollIntoView(true)</arg>
<doc>Executes the given JavaScript code with possible arguments.</doc>
<msg timestamp="20240313 19:49:42.437" level="INFO">Executing JavaScript:
document.getElementById('text-yui_3_17_2_1_1593033605278_167399-field').scrollIntoView(true)
Without any arguments.</msg>
<status status="PASS" starttime="20240313 19:49:42.437" endtime="20240313 19:49:42.442"/>
</kw>
<kw name="Sleep" library="BuiltIn">
<arg>2</arg>
<doc>Pauses the test executed for the given time.</doc>
<msg timestamp="20240313 19:49:44.446" level="INFO">Slept 2 seconds</msg>
<status status="PASS" starttime="20240313 19:49:42.442" endtime="20240313 19:49:44.448"/>
</kw>
<kw name="Click Element" library="SeleniumLibrary">
<arg>${BtnSubmit}</arg>
<doc>Click the element identified by ``locator``.</doc>
<msg timestamp="20240313 19:49:44.450" level="INFO">Clicking element '//span[@class='form-submit-button-label'][contains(.,'Quero a Lekto na minha escola!')]'.</msg>
<status status="PASS" starttime="20240313 19:49:44.449" endtime="20240313 19:49:44.704"/>
</kw>
<kw name="Sleep" library="BuiltIn">
<arg>1</arg>
<doc>Pauses the test executed for the given time.</doc>
<msg timestamp="20240313 19:49:45.716" level="INFO">Slept 1 second</msg>
<status status="PASS" starttime="20240313 19:49:44.704" endtime="20240313 19:49:45.716"/>
</kw>
<kw name="Capture Page Screenshot" library="SeleniumLibrary">
<doc>Takes a screenshot of the current page and embeds it into a log file.</doc>
<msg timestamp="20240313 19:49:45.793" level="INFO" html="true">&lt;/td&gt;&lt;/tr&gt;&lt;tr&gt;&lt;td colspan="3"&gt;&lt;a href="selenium-screenshot-3.png"&gt;&lt;img src="selenium-screenshot-3.png" width="800px"&gt;&lt;/a&gt;</msg>
<status status="PASS" starttime="20240313 19:49:45.716" endtime="20240313 19:49:45.793"/>
</kw>
<status status="PASS" starttime="20240313 19:49:42.436" endtime="20240313 19:49:45.793"/>
</kw>
<kw name="Validar mensagem de agendamento" library="desafio1_resources">
<kw name="Execute Javascript" library="SeleniumLibrary">
<arg>window.scrollTo(0, 0)</arg>
<doc>Executes the given JavaScript code with possible arguments.</doc>
<msg timestamp="20240313 19:49:45.795" level="INFO">Executing JavaScript:
window.scrollTo(0, 0)
Without any arguments.</msg>
<status status="PASS" starttime="20240313 19:49:45.795" endtime="20240313 19:49:45.805"/>
</kw>
<kw name="Wait Until Element Is Visible" library="SeleniumLibrary">
<arg>${ValidarAgendamento}</arg>
<doc>Waits until the element ``locator`` is visible.</doc>
<status status="PASS" starttime="20240313 19:49:45.805" endtime="20240313 19:49:47.394"/>
</kw>
<kw name="Get Text" library="SeleniumLibrary">
<var>${message}</var>
<arg>${ValidarAgendamento}</arg>
<doc>Returns the text value of the element identified by ``locator``.</doc>
<msg timestamp="20240313 19:49:47.418" level="INFO">${message} = Muito obrigado! Em breve retornaremos seu contato.</msg>
<status status="PASS" starttime="20240313 19:49:47.394" endtime="20240313 19:49:47.418"/>
</kw>
<kw name="Should Contain" library="BuiltIn">
<arg>${message}</arg>
<arg>Muito obrigado! Em breve retornaremos seu contato.</arg>
<doc>Fails if ``container`` does not contain ``item`` one or more times.</doc>
<status status="PASS" starttime="20240313 19:49:47.419" endtime="20240313 19:49:47.419"/>
</kw>
<kw name="Sleep" library="BuiltIn">
<arg>1</arg>
<doc>Pauses the test executed for the given time.</doc>
<msg timestamp="20240313 19:49:48.431" level="INFO">Slept 1 second</msg>
<status status="PASS" starttime="20240313 19:49:47.419" endtime="20240313 19:49:48.431"/>
</kw>
<kw name="Capture Element Screenshot" library="SeleniumLibrary">
<arg>${ValidarAgendamento}</arg>
<doc>Captures a screenshot from the element identified by ``locator`` and embeds it into log file.</doc>
<msg timestamp="20240313 19:49:48.464" level="INFO" html="true">&lt;/td&gt;&lt;/tr&gt;&lt;tr&gt;&lt;td colspan="3"&gt;&lt;a href="selenium-element-screenshot-3.png"&gt;&lt;img src="selenium-element-screenshot-3.png" width="400px"&gt;&lt;/a&gt;</msg>
<status status="PASS" starttime="20240313 19:49:48.432" endtime="20240313 19:49:48.464"/>
</kw>
<status status="PASS" starttime="20240313 19:49:45.794" endtime="20240313 19:49:48.466"/>
</kw>
<kw name="Close Browser" library="SeleniumLibrary" type="TEARDOWN">
<doc>Closes the current browser.</doc>
<status status="PASS" starttime="20240313 19:49:48.470" endtime="20240313 19:49:48.915"/>
</kw>
<doc>Esse teste realiza o agendamento de uma apresentação.
Obs.: Rolar até o final da página e preencher os itens da apresentação</doc>
<status status="PASS" starttime="20240313 19:45:59.536" endtime="20240313 19:49:48.915"/>
</test>
<test id="s1-t4" name="Caso de Teste 04 - Agendar uma apresentação - Dono de Academia ou Programa de Contraturno" line="59">
<kw name="Open Browser" library="SeleniumLibrary" type="SETUP">
<doc>Opens a new browser instance to the optional ``url``.</doc>
<msg timestamp="20240313 19:49:48.917" level="INFO">Opening browser 'firefox' to base url 'None'.</msg>
<msg timestamp="20240313 19:49:48.918" level="INFO">Firefox driver log is always forced to to: C:\Users\admin\Desktop\QA - MATERIAIS\AlaneAlmeida_Desafio1Lekto\WebTesting\Desafio1\Results\geckodriver-4.log</msg>
<status status="PASS" starttime="20240313 19:49:48.917" endtime="20240313 19:49:54.734"/>
</kw>
<kw name="Acessar o home page do site https://www.lekto.com.br/" library="desafio1_resources">
<kw name="Maximize Browser Window" library="SeleniumLibrary">
<doc>Maximizes current browser window.</doc>
<status status="PASS" starttime="20240313 19:49:54.735" endtime="20240313 19:49:55.015"/>
</kw>
<kw name="Go To" library="SeleniumLibrary">
<arg>url=https://www.lekto.com.br/</arg>
<doc>Navigates the current browser window to the provided ``url``.</doc>
<msg timestamp="20240313 19:49:55.016" level="INFO">Opening url 'https://www.lekto.com.br/'</msg>
<status status="PASS" starttime="20240313 19:49:55.015" endtime="20240313 19:52:20.649"/>
</kw>
<status status="PASS" starttime="20240313 19:49:54.735" endtime="20240313 19:52:20.649"/>
</kw>
<kw name="Clicar no botão &quot;Agende uma Apresentação&quot;" library="desafio1_resources">
<kw name="Click Element" library="SeleniumLibrary">
<arg>${BtnAgendeUmaApresentacao1}</arg>
<doc>Click the element identified by ``locator``.</doc>
<msg timestamp="20240313 19:52:20.654" level="INFO">Clicking element '(//a[contains(.,'Agende uma Apresentação')])[1]'.</msg>
<status status="PASS" starttime="20240313 19:52:20.653" endtime="20240313 19:52:20.963"/>
</kw>
<status status="PASS" starttime="20240313 19:52:20.652" endtime="20240313 19:52:20.963"/>
</kw>
<kw name="Preencher o campo Nome" library="desafio1_resources">
<kw name="Sleep" library="BuiltIn">
<arg>2</arg>
<doc>Pauses the test executed for the given time.</doc>
<msg timestamp="20240313 19:52:22.978" level="INFO">Slept 2 seconds</msg>
<status status="PASS" starttime="20240313 19:52:20.964" endtime="20240313 19:52:22.980"/>
</kw>
<kw name="Name" library="FakerLibrary">
<var>${NomeAleatorio}</var>
<doc>:example: 'John Doe'</doc>
<msg timestamp="20240313 19:52:22.983" level="INFO">${NomeAleatorio} = Jennifer Ayers</msg>
<status status="PASS" starttime="20240313 19:52:22.981" endtime="20240313 19:52:22.984"/>
</kw>
<kw name="Input Text" library="SeleniumLibrary">
<arg>${NomeApresentacao}</arg>
<arg>${NomeAleatorio}</arg>
<doc>Types the given ``text`` into the text field identified by ``locator``.</doc>
<msg timestamp="20240313 19:52:22.986" level="INFO">Typing text 'Jennifer Ayers' into text field '//input[contains(@id,'167399-field')]'.</msg>
<status status="PASS" starttime="20240313 19:52:22.984" endtime="20240313 19:52:23.118"/>
</kw>
<status status="PASS" starttime="20240313 19:52:20.963" endtime="20240313 19:52:23.119"/>
</kw>
<kw name="Selecionar a opção" library="desafio1_resources">
<arg>Dono de Academia ou Programa de Contraturno</arg>
<if>
<branch type="IF" condition="&quot;${Sou}&quot;==&quot;EDUCADOR&quot;">
<kw name="Log To Console" library="BuiltIn">
<arg>${Sou}</arg>
<doc>Logs the given message to the console.</doc>
<status status="NOT RUN" starttime="20240313 19:52:23.120" endtime="20240313 19:52:23.120"/>
</kw>
<kw name="Execute Javascript" library="SeleniumLibrary">
<arg>document.getElementById('select-yui_3_17_2_1_1593033605278_168358-field').scrollIntoView(true)</arg>
<doc>Executes the given JavaScript code with possible arguments.</doc>
<status status="NOT RUN" starttime="20240313 19:52:23.121" endtime="20240313 19:52:23.121"/>
</kw>
<kw name="Wait Until Element Is Visible" library="SeleniumLibrary">
<arg>xpath=//select[@id='select-yui_3_17_2_1_1593033605278_168358-field']</arg>
<doc>Waits until the element ``locator`` is visible.</doc>
<status status="NOT RUN" starttime="20240313 19:52:23.121" endtime="20240313 19:52:23.122"/>
</kw>
<kw name="Click Element" library="SeleniumLibrary">
<arg>xpath=//select[@id='select-yui_3_17_2_1_1593033605278_168358-field']</arg>
<doc>Click the element identified by ``locator``.</doc>
<status status="NOT RUN" starttime="20240313 19:52:23.122" endtime="20240313 19:52:23.122"/>
</kw>
<kw name="Wait Until Element Is Visible" library="SeleniumLibrary">
<arg>${EDUCADOR}</arg>
<doc>Waits until the element ``locator`` is visible.</doc>
<status status="NOT RUN" starttime="20240313 19:52:23.122" endtime="20240313 19:52:23.122"/>
</kw>
<kw name="Click Element" library="SeleniumLibrary">
<arg>${EDUCADOR}</arg>
<doc>Click the element identified by ``locator``.</doc>
<status status="NOT RUN" starttime="20240313 19:52:23.122" endtime="20240313 19:52:23.123"/>
</kw>
<status status="NOT RUN" starttime="20240313 19:52:23.120" endtime="20240313 19:52:23.123"/>
</branch>
<branch type="ELSE IF" condition="&quot;${Sou}&quot; ==&quot;Diretor(a)/Coordenador(a) Escolar&quot;">
<kw name="Execute Javascript" library="SeleniumLibrary">
<arg>document.getElementById('select-yui_3_17_2_1_1593033605278_168358-field').scrollIntoView(true)</arg>
<doc>Executes the given JavaScript code with possible arguments.</doc>
<status status="NOT RUN" starttime="20240313 19:52:23.123" endtime="20240313 19:52:23.123"/>
</kw>
<kw name="Wait Until Element Is Visible" library="SeleniumLibrary">
<arg>xpath=//select[@id='select-yui_3_17_2_1_1593033605278_168358-field']</arg>
<doc>Waits until the element ``locator`` is visible.</doc>
<status status="NOT RUN" starttime="20240313 19:52:23.123" endtime="20240313 19:52:23.123"/>
</kw>
<kw name="Click Element" library="SeleniumLibrary">
<arg>xpath=//select[@id='select-yui_3_17_2_1_1593033605278_168358-field']</arg>
<doc>Click the element identified by ``locator``.</doc>
<status status="NOT RUN" starttime="20240313 19:52:23.123" endtime="20240313 19:52:23.124"/>
</kw>
<kw name="Wait Until Element Is Visible" library="SeleniumLibrary">
<arg>${DiretorCoordenadorEscolar}</arg>
<doc>Waits until the element ``locator`` is visible.</doc>
<status status="NOT RUN" starttime="20240313 19:52:23.124" endtime="20240313 19:52:23.124"/>
</kw>
<kw name="Click Element" library="SeleniumLibrary">
<arg>${DiretorCoordenadorEscolar}</arg>
<doc>Click the element identified by ``locator``.</doc>
<status status="NOT RUN" starttime="20240313 19:52:23.124" endtime="20240313 19:52:23.124"/>
</kw>
<status status="NOT RUN" starttime="20240313 19:52:23.123" endtime="20240313 19:52:23.124"/>
</branch>
<branch type="ELSE IF" condition="&quot;${Sou}&quot; ==&quot;Família&quot;">
<kw name="Execute Javascript" library="SeleniumLibrary">
<arg>document.getElementById('select-yui_3_17_2_1_1593033605278_168358-field').scrollIntoView(true)</arg>
<doc>Executes the given JavaScript code with possible arguments.</doc>
<status status="NOT RUN" starttime="20240313 19:52:23.124" endtime="20240313 19:52:23.125"/>
</kw>
<kw name="Wait Until Element Is Visible" library="SeleniumLibrary">
<arg>xpath=//select[@id='select-yui_3_17_2_1_1593033605278_168358-field']</arg>
<doc>Waits until the element ``locator`` is visible.</doc>
<status status="NOT RUN" starttime="20240313 19:52:23.125" endtime="20240313 19:52:23.125"/>
</kw>
<kw name="Click Element" library="SeleniumLibrary">
<arg>xpath=//select[@id='select-yui_3_17_2_1_1593033605278_168358-field']</arg>
<doc>Click the element identified by ``locator``.</doc>
<status status="NOT RUN" starttime="20240313 19:52:23.125" endtime="20240313 19:52:23.125"/>
</kw>
<kw name="Wait Until Element Is Visible" library="SeleniumLibrary">
<arg>${familia}</arg>
<doc>Waits until the element ``locator`` is visible.</doc>
<status status="NOT RUN" starttime="20240313 19:52:23.125" endtime="20240313 19:52:23.125"/>
</kw>
<kw name="Click Element" library="SeleniumLibrary">
<arg>${familia}</arg>
<doc>Click the element identified by ``locator``.</doc>
<status status="NOT RUN" starttime="20240313 19:52:23.125" endtime="20240313 19:52:23.125"/>
</kw>
<status status="NOT RUN" starttime="20240313 19:52:23.124" endtime="20240313 19:52:23.126"/>
</branch>
<branch type="ELSE IF" condition="&quot;${Sou}&quot; ==&quot;Dono de Academia ou Programa de Contraturno&quot;">
<kw name="Execute Javascript" library="SeleniumLibrary">
<arg>document.getElementById('select-yui_3_17_2_1_1593033605278_168358-field').scrollIntoView(true)</arg>
<doc>Executes the given JavaScript code with possible arguments.</doc>
<msg timestamp="20240313 19:52:23.127" level="INFO">Executing JavaScript:
document.getElementById('select-yui_3_17_2_1_1593033605278_168358-field').scrollIntoView(true)
Without any arguments.</msg>
<status status="PASS" starttime="20240313 19:52:23.126" endtime="20240313 19:52:23.157"/>
</kw>
<kw name="Wait Until Element Is Visible" library="SeleniumLibrary">
<arg>xpath=//select[@id='select-yui_3_17_2_1_1593033605278_168358-field']</arg>
<doc>Waits until the element ``locator`` is visible.</doc>
<status status="PASS" starttime="20240313 19:52:23.157" endtime="20240313 19:52:23.203"/>
</kw>
<kw name="Click Element" library="SeleniumLibrary">
<arg>xpath=//select[@id='select-yui_3_17_2_1_1593033605278_168358-field']</arg>
<doc>Click the element identified by ``locator``.</doc>
<msg timestamp="20240313 19:52:23.203" level="INFO">Clicking element 'xpath=//select[@id='select-yui_3_17_2_1_1593033605278_168358-field']'.</msg>
<status status="PASS" starttime="20240313 19:52:23.203" endtime="20240313 19:52:23.471"/>
</kw>
<kw name="Wait Until Element Is Visible" library="SeleniumLibrary">
<arg>${DonoAcademiaOuProgramaContraturno}</arg>
<doc>Waits until the element ``locator`` is visible.</doc>
<status status="PASS" starttime="20240313 19:52:23.471" endtime="20240313 19:52:23.492"/>
</kw>
<kw name="Click Element" library="SeleniumLibrary">
<arg>${DonoAcademiaOuProgramaContraturno}</arg>
<doc>Click the element identified by ``locator``.</doc>
<msg timestamp="20240313 19:52:23.492" level="INFO">Clicking element '//select[contains(@id,'168358-field')][@aria-label='Sou']/descendant::option[@value='Dono de Academia ou Programa de Contraturno']'.</msg>
<status status="PASS" starttime="20240313 19:52:23.492" endtime="20240313 19:52:23.723"/>
</kw>
<status status="PASS" starttime="20240313 19:52:23.126" endtime="20240313 19:52:23.723"/>
</branch>
<status status="PASS" starttime="20240313 19:52:23.120" endtime="20240313 19:52:23.723"/>
</if>
<status status="PASS" starttime="20240313 19:52:23.120" endtime="20240313 19:52:23.724"/>
</kw>
<kw name="Preencher o campo E-mail" library="desafio1_resources">
<kw name="Email" library="FakerLibrary">
<var>${EmailAleatorio}</var>
<msg timestamp="20240313 19:52:23.731" level="INFO">${EmailAleatorio} = jonathansandoval@example.net</msg>
<status status="PASS" starttime="20240313 19:52:23.728" endtime="20240313 19:52:23.732"/>
</kw>
<kw name="Execute Javascript" library="SeleniumLibrary">
<arg>document.getElementById('email-yui_3_17_2_1_1593039425574_26430-field').scrollIntoView(true)</arg>
<doc>Executes the given JavaScript code with possible arguments.</doc>
<msg timestamp="20240313 19:52:23.734" level="INFO">Executing JavaScript:
document.getElementById('email-yui_3_17_2_1_1593039425574_26430-field').scrollIntoView(true)
Without any arguments.</msg>
<status status="PASS" starttime="20240313 19:52:23.732" endtime="20240313 19:52:23.757"/>
</kw>
<kw name="Wait Until Element Is Visible" library="SeleniumLibrary">
<arg>${CampoEmail}</arg>
<doc>Waits until the element ``locator`` is visible.</doc>
<status status="PASS" starttime="20240313 19:52:23.757" endtime="20240313 19:52:23.799"/>
</kw>
<kw name="Sleep" library="BuiltIn">
<arg>1</arg>
<doc>Pauses the test executed for the given time.</doc>
<msg timestamp="20240313 19:52:24.813" level="INFO">Slept 1 second</msg>
<status status="PASS" starttime="20240313 19:52:23.799" endtime="20240313 19:52:24.813"/>
</kw>
<kw name="Input Text" library="SeleniumLibrary">
<arg>${CampoEmail}</arg>
<arg>${EmailAleatorio}</arg>
<doc>Types the given ``text`` into the text field identified by ``locator``.</doc>
<msg timestamp="20240313 19:52:24.815" level="INFO">Typing text 'jonathansandoval@example.net' into text field '//input[contains(@id,'26430-field')]'.</msg>
<status status="PASS" starttime="20240313 19:52:24.814" endtime="20240313 19:52:24.891"/>
</kw>
<status status="PASS" starttime="20240313 19:52:23.726" endtime="20240313 19:52:24.891"/>
</kw>
<kw name="Preencher o campo Telefone" library="desafio1_resources">
<kw name="Phone Number" library="FakerLibrary">
<var>${TelefoneAleatorio}</var>
<msg timestamp="20240313 19:52:24.894" level="INFO">${TelefoneAleatorio} = 536-387-6902</msg>
<status status="PASS" starttime="20240313 19:52:24.892" endtime="20240313 19:52:24.894"/>
</kw>
<kw name="Input Text" library="SeleniumLibrary">
<arg>${CampoTelefone}</arg>
<arg>${TelefoneAleatorio}</arg>
<doc>Types the given ``text`` into the text field identified by ``locator``.</doc>
<msg timestamp="20240313 19:52:24.895" level="INFO">Typing text '536-387-6902' into text field '//input[@id='text-yui_3_17_2_1_1593039425574_26431-field']'.</msg>
<status status="PASS" starttime="20240313 19:52:24.894" endtime="20240313 19:52:24.953"/>
</kw>
<status status="PASS" starttime="20240313 19:52:24.892" endtime="20240313 19:52:24.953"/>
</kw>
<kw name="Preencher o campo Mensagem" library="desafio1_resources">
<kw name="Execute Javascript" library="SeleniumLibrary">
<arg>document.getElementById('textarea-yui_3_17_2_1_1593039425574_26432-field').scrollIntoView(true)</arg>
<doc>Executes the given JavaScript code with possible arguments.</doc>
<msg timestamp="20240313 19:52:24.956" level="INFO">Executing JavaScript:
document.getElementById('textarea-yui_3_17_2_1_1593039425574_26432-field').scrollIntoView(true)
Without any arguments.</msg>
<status status="PASS" starttime="20240313 19:52:24.955" endtime="20240313 19:52:24.964"/>
</kw>
<kw name="Sleep" library="BuiltIn">
<arg>3</arg>
<doc>Pauses the test executed for the given time.</doc>
<msg timestamp="20240313 19:52:27.970" level="INFO">Slept 3 seconds</msg>
<status status="PASS" starttime="20240313 19:52:24.964" endtime="20240313 19:52:27.970"/>
</kw>
<kw name="Input Text" library="SeleniumLibrary">
<arg>${CampoMensagem}</arg>
<arg>Olá LekTo! Gostaria de agendar uma apresentação.</arg>
<doc>Types the given ``text`` into the text field identified by ``locator``.</doc>
<msg timestamp="20240313 19:52:27.972" level="INFO">Typing text 'Olá LekTo! Gostaria de agendar uma apresentação.' into text field '//textarea[contains(@id,'26432-field')]'.</msg>
<status status="PASS" starttime="20240313 19:52:27.971" endtime="20240313 19:52:28.065"/>
</kw>
<status status="PASS" starttime="20240313 19:52:24.954" endtime="20240313 19:52:28.065"/>
</kw>
<kw name="Clicar no botão &quot;Quero a Lekto na minha escola&quot;" library="desafio1_resources">
<kw name="Execute Javascript" library="SeleniumLibrary">
<arg>document.getElementById('text-yui_3_17_2_1_1593033605278_167399-field').scrollIntoView(true)</arg>
<doc>Executes the given JavaScript code with possible arguments.</doc>
<msg timestamp="20240313 19:52:28.067" level="INFO">Executing JavaScript:
document.getElementById('text-yui_3_17_2_1_1593033605278_167399-field').scrollIntoView(true)
Without any arguments.</msg>
<status status="PASS" starttime="20240313 19:52:28.067" endtime="20240313 19:52:28.072"/>
</kw>
<kw name="Sleep" library="BuiltIn">
<arg>2</arg>
<doc>Pauses the test executed for the given time.</doc>
<msg timestamp="20240313 19:52:30.077" level="INFO">Slept 2 seconds</msg>
<status status="PASS" starttime="20240313 19:52:28.072" endtime="20240313 19:52:30.078"/>
</kw>
<kw name="Click Element" library="SeleniumLibrary">
<arg>${BtnSubmit}</arg>
<doc>Click the element identified by ``locator``.</doc>
<msg timestamp="20240313 19:52:30.078" level="INFO">Clicking element '//span[@class='form-submit-button-label'][contains(.,'Quero a Lekto na minha escola!')]'.</msg>
<status status="PASS" starttime="20240313 19:52:30.078" endtime="20240313 19:52:30.337"/>
</kw>
<kw name="Sleep" library="BuiltIn">
<arg>1</arg>
<doc>Pauses the test executed for the given time.</doc>
<msg timestamp="20240313 19:52:31.346" level="INFO">Slept 1 second</msg>
<status status="PASS" starttime="20240313 19:52:30.337" endtime="20240313 19:52:31.346"/>
</kw>
<kw name="Capture Page Screenshot" library="SeleniumLibrary">
<doc>Takes a screenshot of the current page and embeds it into a log file.</doc>
<msg timestamp="20240313 19:52:31.415" level="INFO" html="true">&lt;/td&gt;&lt;/tr&gt;&lt;tr&gt;&lt;td colspan="3"&gt;&lt;a href="selenium-screenshot-4.png"&gt;&lt;img src="selenium-screenshot-4.png" width="800px"&gt;&lt;/a&gt;</msg>
<status status="PASS" starttime="20240313 19:52:31.346" endtime="20240313 19:52:31.416"/>
</kw>
<status status="PASS" starttime="20240313 19:52:28.066" endtime="20240313 19:52:31.416"/>
</kw>
<kw name="Validar mensagem de agendamento" library="desafio1_resources">
<kw name="Execute Javascript" library="SeleniumLibrary">
<arg>window.scrollTo(0, 0)</arg>
<doc>Executes the given JavaScript code with possible arguments.</doc>
<msg timestamp="20240313 19:52:31.419" level="INFO">Executing JavaScript:
window.scrollTo(0, 0)
Without any arguments.</msg>
<status status="PASS" starttime="20240313 19:52:31.418" endtime="20240313 19:52:31.422"/>
</kw>
<kw name="Wait Until Element Is Visible" library="SeleniumLibrary">
<arg>${ValidarAgendamento}</arg>
<doc>Waits until the element ``locator`` is visible.</doc>
<status status="PASS" starttime="20240313 19:52:31.422" endtime="20240313 19:52:32.140"/>
</kw>
<kw name="Get Text" library="SeleniumLibrary">
<var>${message}</var>
<arg>${ValidarAgendamento}</arg>
<doc>Returns the text value of the element identified by ``locator``.</doc>
<msg timestamp="20240313 19:52:32.160" level="INFO">${message} = Muito obrigado! Em breve retornaremos seu contato.</msg>
<status status="PASS" starttime="20240313 19:52:32.140" endtime="20240313 19:52:32.160"/>
</kw>
<kw name="Should Contain" library="BuiltIn">
<arg>${message}</arg>
<arg>Muito obrigado! Em breve retornaremos seu contato.</arg>
<doc>Fails if ``container`` does not contain ``item`` one or more times.</doc>
<status status="PASS" starttime="20240313 19:52:32.160" endtime="20240313 19:52:32.160"/>
</kw>
<kw name="Sleep" library="BuiltIn">
<arg>1</arg>
<doc>Pauses the test executed for the given time.</doc>
<msg timestamp="20240313 19:52:33.163" level="INFO">Slept 1 second</msg>
<status status="PASS" starttime="20240313 19:52:32.160" endtime="20240313 19:52:33.163"/>
</kw>
<kw name="Capture Element Screenshot" library="SeleniumLibrary">
<arg>${ValidarAgendamento}</arg>
<doc>Captures a screenshot from the element identified by ``locator`` and embeds it into log file.</doc>
<msg timestamp="20240313 19:52:33.175" level="INFO" html="true">&lt;/td&gt;&lt;/tr&gt;&lt;tr&gt;&lt;td colspan="3"&gt;&lt;a href="selenium-element-screenshot-4.png"&gt;&lt;img src="selenium-element-screenshot-4.png" width="400px"&gt;&lt;/a&gt;</msg>
<status status="PASS" starttime="20240313 19:52:33.163" endtime="20240313 19:52:33.175"/>
</kw>
<status status="PASS" starttime="20240313 19:52:31.417" endtime="20240313 19:52:33.175"/>
</kw>
<kw name="Close Browser" library="SeleniumLibrary" type="TEARDOWN">
<doc>Closes the current browser.</doc>
<status status="PASS" starttime="20240313 19:52:33.177" endtime="20240313 19:52:33.702"/>
</kw>
<doc>Esse teste realiza o agendamento de uma apresentação.
Obs.:clicando no primeiro botão exibido "Agende uma Apresentação"</doc>
<status status="PASS" starttime="20240313 19:49:48.916" endtime="20240313 19:52:33.702"/>
</test>
<doc>Essa suíte testa o site https://www.lekto.com.br/ - Agende uma apresentção.</doc>
<status status="PASS" starttime="20240313 19:40:11.641" endtime="20240313 19:52:33.704"/>
</suite>
<statistics>
<total>
<stat pass="4" fail="0" skip="0">All Tests</stat>
</total>
<tag>
</tag>
<suite>
<stat pass="4" fail="0" skip="0" id="s1" name="Desafio1 Testes">Desafio1 Testes</stat>
</suite>
</statistics>
<errors>
</errors>
</robot>
